# JRE version: OpenJDK Runtime Environment (21.0.5) (build 21.0.5+-13047016-b750.29)
# Java VM: OpenJDK 64-Bit Server VM (21.0.5+-13047016-b750.29, mixed mode, tiered, compressed oops, compressed class ptrs, g1 gc, windows-amd64)
GC Precious Log:
 CardTable entry size: 512
 Card Set container configuration: InlinePtr #cards 5 size 8 Array Of Cards #cards 12 size 40 Howl #buckets 4 coarsen threshold 1843 Howl Bitmap #cards 512 size 80 coarsen threshold 460 Card regions per heap region 1 cards per card region 2048
 CPUs: 4 total, 4 available
 Memory: 12087M
 Large Page Support: Disabled
 NUMA Support: Disabled
 Compressed Oops: Enabled (32-bit)
 Heap Region Size: 1M
 Heap Min Capacity: 8M
 Heap Initial Capacity: 190M
 Heap Max Capacity: 2G
 Pre-touch: Disabled
 Parallel Workers: 4
 Concurrent Workers: 1
 Concurrent Refinement Workers: 4
 Periodic GC: Disabled
Heap:
 garbage-first heap   total 344064K, used 243421K [0x0000000080000000, 0x0000000100000000)
  region size 1024K, 92 young (94208K), 9 survivors (9216K)
 Metaspace       used 145530K, committed 146816K, reserved 1179648K
  class space    used 18977K, committed 19584K, reserved 1048576K
GC Heap History (20 events):
Event: 3400.245 GC heap before
{Heap before GC invocations=94 (full 0):
 garbage-first heap   total 286720K, used 265684K [0x0000000080000000, 0x0000000100000000)
  region size 1024K, 99 young (101376K), 6 survivors (6144K)
 Metaspace       used 144953K, committed 146240K, reserved 1179648K
  class space    used 18909K, committed 19520K, reserved 1048576K
}
Event: 3400.255 GC heap after
{Heap after GC invocations=95 (full 0):
 garbage-first heap   total 344064K, used 164575K [0x0000000080000000, 0x0000000100000000)
  region size 1024K, 5 young (5120K), 5 survivors (5120K)
 Metaspace       used 144953K, committed 146240K, reserved 1179648K
  class space    used 18909K, committed 19520K, reserved 1048576K
}
Event: 3400.755 GC heap before
{Heap before GC invocations=95 (full 0):
 garbage-first heap   total 344064K, used 319199K [0x0000000080000000, 0x0000000100000000)
  region size 1024K, 156 young (159744K), 5 survivors (5120K)
 Metaspace       used 145002K, committed 146304K, reserved 1179648K
  class space    used 18915K, committed 19520K, reserved 1048576K
}
Event: 3400.760 GC heap after
{Heap after GC invocations=96 (full 0):
 garbage-first heap   total 344064K, used 165125K [0x0000000080000000, 0x0000000100000000)
  region size 1024K, 5 young (5120K), 5 survivors (5120K)
 Metaspace       used 145002K, committed 146304K, reserved 1179648K
  class space    used 18915K, committed 19520K, reserved 1048576K
}
Event: 3401.670 GC heap before
{Heap before GC invocations=97 (full 0):
 garbage-first heap   total 344064K, used 319749K [0x0000000080000000, 0x0000000100000000)
  region size 1024K, 156 young (159744K), 5 survivors (5120K)
 Metaspace       used 145019K, committed 146304K, reserved 1179648K
  class space    used 18917K, committed 19520K, reserved 1048576K
}
Event: 3401.677 GC heap after
{Heap after GC invocations=98 (full 0):
 garbage-first heap   total 344064K, used 165351K [0x0000000080000000, 0x0000000100000000)
  region size 1024K, 5 young (5120K), 5 survivors (5120K)
 Metaspace       used 145019K, committed 146304K, reserved 1179648K
  class space    used 18917K, committed 19520K, reserved 1048576K
}
Event: 3402.225 GC heap before
{Heap before GC invocations=98 (full 0):
 garbage-first heap   total 344064K, used 319975K [0x0000000080000000, 0x0000000100000000)
  region size 1024K, 156 young (159744K), 5 survivors (5120K)
 Metaspace       used 145075K, committed 146368K, reserved 1179648K
  class space    used 18921K, committed 19520K, reserved 1048576K
}
Event: 3402.239 GC heap after
{Heap after GC invocations=99 (full 0):
 garbage-first heap   total 344064K, used 163989K [0x0000000080000000, 0x0000000100000000)
  region size 1024K, 7 young (7168K), 7 survivors (7168K)
 Metaspace       used 145075K, committed 146368K, reserved 1179648K
  class space    used 18921K, committed 19520K, reserved 1048576K
}
Event: 3402.742 GC heap before
{Heap before GC invocations=99 (full 0):
 garbage-first heap   total 344064K, used 317589K [0x0000000080000000, 0x0000000100000000)
  region size 1024K, 157 young (160768K), 7 survivors (7168K)
 Metaspace       used 145095K, committed 146368K, reserved 1179648K
  class space    used 18921K, committed 19520K, reserved 1048576K
}
Event: 3402.748 GC heap after
{Heap after GC invocations=100 (full 0):
 garbage-first heap   total 344064K, used 164566K [0x0000000080000000, 0x0000000100000000)
  region size 1024K, 7 young (7168K), 7 survivors (7168K)
 Metaspace       used 145095K, committed 146368K, reserved 1179648K
  class space    used 18921K, committed 19520K, reserved 1048576K
}
Event: 3403.989 GC heap before
{Heap before GC invocations=101 (full 0):
 garbage-first heap   total 344064K, used 318166K [0x0000000080000000, 0x0000000100000000)
  region size 1024K, 157 young (160768K), 7 survivors (7168K)
 Metaspace       used 145097K, committed 146368K, reserved 1179648K
  class space    used 18921K, committed 19520K, reserved 1048576K
}
Event: 3403.998 GC heap after
{Heap after GC invocations=102 (full 0):
 garbage-first heap   total 344064K, used 164790K [0x0000000080000000, 0x0000000100000000)
  region size 1024K, 7 young (7168K), 7 survivors (7168K)
 Metaspace       used 145097K, committed 146368K, reserved 1179648K
  class space    used 18921K, committed 19520K, reserved 1048576K
}
Event: 3404.516 GC heap before
{Heap before GC invocations=102 (full 0):
 garbage-first heap   total 344064K, used 318390K [0x0000000080000000, 0x0000000100000000)
  region size 1024K, 157 young (160768K), 7 survivors (7168K)
 Metaspace       used 145100K, committed 146368K, reserved 1179648K
  class space    used 18921K, committed 19520K, reserved 1048576K
}
Event: 3404.529 GC heap after
{Heap after GC invocations=103 (full 0):
 garbage-first heap   total 344064K, used 162816K [0x0000000080000000, 0x0000000100000000)
  region size 1024K, 9 young (9216K), 9 survivors (9216K)
 Metaspace       used 145100K, committed 146368K, reserved 1179648K
  class space    used 18921K, committed 19520K, reserved 1048576K
}
Event: 3405.112 GC heap before
{Heap before GC invocations=103 (full 0):
 garbage-first heap   total 344064K, used 316416K [0x0000000080000000, 0x0000000100000000)
  region size 1024K, 159 young (162816K), 9 survivors (9216K)
 Metaspace       used 145125K, committed 146368K, reserved 1179648K
  class space    used 18921K, committed 19520K, reserved 1048576K
}
Event: 3405.121 GC heap after
{Heap after GC invocations=104 (full 0):
 garbage-first heap   total 344064K, used 162816K [0x0000000080000000, 0x0000000100000000)
  region size 1024K, 9 young (9216K), 9 survivors (9216K)
 Metaspace       used 145125K, committed 146368K, reserved 1179648K
  class space    used 18921K, committed 19520K, reserved 1048576K
}
Event: 3406.244 GC heap before
{Heap before GC invocations=105 (full 0):
 garbage-first heap   total 344064K, used 316416K [0x0000000080000000, 0x0000000100000000)
  region size 1024K, 159 young (162816K), 9 survivors (9216K)
 Metaspace       used 145131K, committed 146368K, reserved 1179648K
  class space    used 18921K, committed 19520K, reserved 1048576K
}
Event: 3406.255 GC heap after
{Heap after GC invocations=106 (full 0):
 garbage-first heap   total 344064K, used 164804K [0x0000000080000000, 0x0000000100000000)
  region size 1024K, 11 young (11264K), 11 survivors (11264K)
 Metaspace       used 145131K, committed 146368K, reserved 1179648K
  class space    used 18921K, committed 19520K, reserved 1048576K
}
Event: 3406.658 GC heap before
{Heap before GC invocations=106 (full 0):
 garbage-first heap   total 344064K, used 313284K [0x0000000080000000, 0x0000000100000000)
  region size 1024K, 156 young (159744K), 11 survivors (11264K)
 Metaspace       used 145171K, committed 146496K, reserved 1179648K
  class space    used 18929K, committed 19584K, reserved 1048576K
}
Event: 3406.670 GC heap after
{Heap after GC invocations=107 (full 0):
 garbage-first heap   total 344064K, used 159453K [0x0000000080000000, 0x0000000100000000)
  region size 1024K, 9 young (9216K), 9 survivors (9216K)
 Metaspace       used 145171K, committed 146496K, reserved 1179648K
  class space    used 18929K, committed 19584K, reserved 1048576K
}

