# JRE version: OpenJDK Runtime Environment (21.0.5) (build 21.0.5+-13047016-b750.29)
# Java VM: OpenJDK 64-Bit Server VM (21.0.5+-13047016-b750.29, mixed mode, tiered, compressed oops, compressed class ptrs, g1 gc, windows-amd64)
GC Precious Log:
 CardTable entry size: 512
 Card Set container configuration: InlinePtr #cards 5 size 8 Array Of Cards #cards 12 size 40 Howl #buckets 4 coarsen threshold 1843 Howl Bitmap #cards 512 size 80 coarsen threshold 460 Card regions per heap region 1 cards per card region 2048
 CPUs: 4 total, 4 available
 Memory: 12087M
 Large Page Support: Disabled
 NUMA Support: Disabled
 Compressed Oops: Enabled (32-bit)
 Heap Region Size: 1M
 Heap Min Capacity: 8M
 Heap Initial Capacity: 190M
 Heap Max Capacity: 2G
 Pre-touch: Disabled
 Parallel Workers: 4
 Concurrent Workers: 1
 Concurrent Refinement Workers: 4
 Periodic GC: Disabled
Heap:
 garbage-first heap   total 418816K, used 177700K [0x0000000080000000, 0x0000000100000000)
  region size 1024K, 7 young (7168K), 7 survivors (7168K)
 Metaspace       used 160015K, committed 163072K, reserved 1245184K
  class space    used 20322K, committed 22144K, reserved 1048576K
GC Heap History (20 events):
Event: 5952.702 GC heap after
{Heap after GC invocations=143 (full 0):
 garbage-first heap   total 695296K, used 169444K [0x0000000080000000, 0x0000000100000000)
  region size 1024K, 22 young (22528K), 22 survivors (22528K)
 Metaspace       used 159448K, committed 162944K, reserved 1245184K
  class space    used 20303K, committed 22144K, reserved 1048576K
}
Event: 8344.270 GC heap before
{Heap before GC invocations=143 (full 0):
 garbage-first heap   total 695296K, used 687588K [0x0000000080000000, 0x0000000100000000)
  region size 1024K, 368 young (376832K), 22 survivors (22528K)
 Metaspace       used 159673K, committed 163008K, reserved 1245184K
  class space    used 20311K, committed 22144K, reserved 1048576K
}
Event: 8344.441 GC heap after
{Heap after GC invocations=144 (full 0):
 garbage-first heap   total 696320K, used 152711K [0x0000000080000000, 0x0000000100000000)
  region size 1024K, 6 young (6144K), 6 survivors (6144K)
 Metaspace       used 159673K, committed 163008K, reserved 1245184K
  class space    used 20311K, committed 22144K, reserved 1048576K
}
Event: 13796.443 GC heap before
{Heap before GC invocations=144 (full 0):
 garbage-first heap   total 696320K, used 402567K [0x0000000080000000, 0x0000000100000000)
  region size 1024K, 251 young (257024K), 6 survivors (6144K)
 Metaspace       used 159793K, committed 163008K, reserved 1245184K
  class space    used 20317K, committed 22144K, reserved 1048576K
}
Event: 13797.804 GC heap after
{Heap after GC invocations=145 (full 1):
 garbage-first heap   total 409600K, used 119065K [0x0000000080000000, 0x0000000100000000)
  region size 1024K, 0 young (0K), 0 survivors (0K)
 Metaspace       used 159682K, committed 163008K, reserved 1245184K
  class space    used 20297K, committed 22144K, reserved 1048576K
}
Event: 14036.065 GC heap before
{Heap before GC invocations=145 (full 1):
 garbage-first heap   total 409600K, used 363801K [0x0000000080000000, 0x0000000100000000)
  region size 1024K, 240 young (245760K), 0 survivors (0K)
 Metaspace       used 160011K, committed 163008K, reserved 1245184K
  class space    used 20332K, committed 22144K, reserved 1048576K
}
Event: 14036.207 GC heap after
{Heap after GC invocations=146 (full 1):
 garbage-first heap   total 409600K, used 146713K [0x0000000080000000, 0x0000000100000000)
  region size 1024K, 27 young (27648K), 27 survivors (27648K)
 Metaspace       used 160011K, committed 163008K, reserved 1245184K
  class space    used 20332K, committed 22144K, reserved 1048576K
}
Event: 14039.133 GC heap before
{Heap before GC invocations=146 (full 1):
 garbage-first heap   total 409600K, used 356633K [0x0000000080000000, 0x0000000100000000)
  region size 1024K, 233 young (238592K), 27 survivors (27648K)
 Metaspace       used 159965K, committed 163008K, reserved 1245184K
  class space    used 20324K, committed 22144K, reserved 1048576K
}
Event: 14039.219 GC heap after
{Heap after GC invocations=147 (full 1):
 garbage-first heap   total 418816K, used 175385K [0x0000000080000000, 0x0000000100000000)
  region size 1024K, 30 young (30720K), 30 survivors (30720K)
 Metaspace       used 159965K, committed 163008K, reserved 1245184K
  class space    used 20324K, committed 22144K, reserved 1048576K
}
Event: 14039.572 GC heap before
{Heap before GC invocations=148 (full 1):
 garbage-first heap   total 418816K, used 361753K [0x0000000080000000, 0x0000000100000000)
  region size 1024K, 212 young (217088K), 30 survivors (30720K)
 Metaspace       used 159979K, committed 163008K, reserved 1245184K
  class space    used 20324K, committed 22144K, reserved 1048576K
}
Event: 14039.604 GC heap after
{Heap after GC invocations=149 (full 1):
 garbage-first heap   total 418816K, used 177433K [0x0000000080000000, 0x0000000100000000)
  region size 1024K, 3 young (3072K), 3 survivors (3072K)
 Metaspace       used 159979K, committed 163008K, reserved 1245184K
  class space    used 20324K, committed 22144K, reserved 1048576K
}
Event: 14039.852 GC heap before
{Heap before GC invocations=149 (full 1):
 garbage-first heap   total 418816K, used 369945K [0x0000000080000000, 0x0000000100000000)
  region size 1024K, 191 young (195584K), 3 survivors (3072K)
 Metaspace       used 160007K, committed 163008K, reserved 1245184K
  class space    used 20324K, committed 22144K, reserved 1048576K
}
Event: 14039.859 GC heap after
{Heap after GC invocations=150 (full 1):
 garbage-first heap   total 418816K, used 180427K [0x0000000080000000, 0x0000000100000000)
  region size 1024K, 5 young (5120K), 5 survivors (5120K)
 Metaspace       used 160007K, committed 163008K, reserved 1245184K
  class space    used 20324K, committed 22144K, reserved 1048576K
}
Event: 14040.154 GC heap before
{Heap before GC invocations=150 (full 1):
 garbage-first heap   total 418816K, used 377035K [0x0000000080000000, 0x0000000100000000)
  region size 1024K, 197 young (201728K), 5 survivors (5120K)
 Metaspace       used 160010K, committed 163072K, reserved 1245184K
  class space    used 20324K, committed 22144K, reserved 1048576K
}
Event: 14040.165 GC heap after
{Heap after GC invocations=151 (full 1):
 garbage-first heap   total 418816K, used 184411K [0x0000000080000000, 0x0000000100000000)
  region size 1024K, 9 young (9216K), 9 survivors (9216K)
 Metaspace       used 160010K, committed 163072K, reserved 1245184K
  class space    used 20324K, committed 22144K, reserved 1048576K
}
Event: 14040.447 GC heap before
{Heap before GC invocations=151 (full 1):
 garbage-first heap   total 418816K, used 381019K [0x0000000080000000, 0x0000000100000000)
  region size 1024K, 201 young (205824K), 9 survivors (9216K)
 Metaspace       used 160012K, committed 163072K, reserved 1245184K
  class space    used 20324K, committed 22144K, reserved 1048576K
}
Event: 14040.453 GC heap after
{Heap after GC invocations=152 (full 1):
 garbage-first heap   total 418816K, used 180413K [0x0000000080000000, 0x0000000100000000)
  region size 1024K, 5 young (5120K), 5 survivors (5120K)
 Metaspace       used 160012K, committed 163072K, reserved 1245184K
  class space    used 20324K, committed 22144K, reserved 1048576K
}
Event: 14041.132 GC heap before
{Heap before GC invocations=153 (full 1):
 garbage-first heap   total 418816K, used 386237K [0x0000000080000000, 0x0000000100000000)
  region size 1024K, 206 young (210944K), 5 survivors (5120K)
 Metaspace       used 160012K, committed 163072K, reserved 1245184K
  class space    used 20322K, committed 22144K, reserved 1048576K
}
Event: 14041.140 GC heap after
{Heap after GC invocations=154 (full 1):
 garbage-first heap   total 418816K, used 180793K [0x0000000080000000, 0x0000000100000000)
  region size 1024K, 5 young (5120K), 5 survivors (5120K)
 Metaspace       used 160012K, committed 163072K, reserved 1245184K
  class space    used 20322K, committed 22144K, reserved 1048576K
}
Event: 14041.586 GC heap before
{Heap before GC invocations=154 (full 1):
 garbage-first heap   total 418816K, used 388665K [0x0000000080000000, 0x0000000100000000)
  region size 1024K, 208 young (212992K), 5 survivors (5120K)
 Metaspace       used 160015K, committed 163072K, reserved 1245184K
  class space    used 20322K, committed 22144K, reserved 1048576K
}

